-- Create working dir
##
## Handle repo: cj1128/30-classes-for-by
##
-- Clone cj1128/30-classes-for-by
-- Query gitea userinfo
-- Gitea user is: cj
-- Query gitea repo info
-- Create repo for gitea
Gitea url for repo: http://nas.cjting.me:5080/cj/30-classes-for-by.git
-- Push repo to gitea
##
## Handle repo: cj1128/advent-of-code
##
-- Clone cj1128/advent-of-code
-- Query gitea repo info
Gitea url for repo: http://nas.cjting.me:5080/cj/advent-of-code.git
-- Push repo to gitea
##
## Handle repo: cj1128/alfred-emoji-workflow
##
-- Clone cj1128/alfred-emoji-workflow
-- Query gitea repo info
-- Create repo for gitea
Gitea url for repo: http://nas.cjting.me:5080/cj/alfred-emoji-workflow.git
-- Push repo to gitea
##
## Handle repo: cj1128/alfred-kaomoji-workflow
##
-- Clone cj1128/alfred-kaomoji-workflow
-- Query gitea repo info
-- Create repo for gitea
Gitea url for repo: http://nas.cjting.me:5080/cj/alfred-kaomoji-workflow.git
-- Push repo to gitea
##
## Handle repo: cj1128/alfred-qrcode-workflow
##
-- Clone cj1128/alfred-qrcode-workflow
-- Query gitea repo info
-- Create repo for gitea
Gitea url for repo: http://nas.cjting.me:5080/cj/alfred-qrcode-workflow.git
-- Push repo to gitea
##
## Handle repo: cj1128/alfred-workflows
##
-- Clone cj1128/alfred-workflows
-- Query gitea repo info
-- Create repo for gitea
Gitea url for repo: http://nas.cjting.me:5080/cj/alfred-workflows.git
-- Push repo to gitea
##
## Handle repo: cj1128/algorithm-lab
##
-- Clone cj1128/algorithm-lab
-- Query gitea repo info
-- Create repo for gitea
Gitea url for repo: http://nas.cjting.me:5080/cj/algorithm-lab.git
-- Push repo to gitea
##
## Handle repo: cj1128/annotated-lyrics
##
-- Clone cj1128/annotated-lyrics
-- Query gitea repo info
-- Create repo for gitea
Gitea url for repo: http://nas.cjting.me:5080/cj/annotated-lyrics.git
-- Push repo to gitea
##
## Handle repo: cj1128/asyncrun.vim
##
-- Clone cj1128/asyncrun.vim
-- Query gitea repo info
-- Create repo for gitea
Gitea url for repo: http://nas.cjting.me:5080/cj/asyncrun.vim.git
-- Push repo to gitea
##
## Handle repo: cj1128/audio-vis-demo
##
-- Clone cj1128/audio-vis-demo
-- Query gitea repo info
-- Create repo for gitea
Gitea url for repo: http://nas.cjting.me:5080/cj/audio-vis-demo.git
-- Push repo to gitea
##
## Handle repo: cj1128/baidu-index-crawler
##
-- Clone cj1128/baidu-index-crawler
-- Query gitea repo info
-- Create repo for gitea
Gitea url for repo: http://nas.cjting.me:5080/cj/baidu-index-crawler.git
-- Push repo to gitea
##
## Handle repo: cj1128/blog-source
##
-- Clone cj1128/blog-source
-- Query gitea repo info
-- Create repo for gitea
Gitea url for repo: http://nas.cjting.me:5080/cj/blog-source.git
-- Push repo to gitea
##
## Handle repo: cj1128/browser-render-lab
##
-- Clone cj1128/browser-render-lab
-- Query gitea repo info
